生成启动时间为 2016/4/15 14:02:40。
     1>项目“D:\githome\learngit\calculator\calculator.vcxproj”在节点 2 上(build 个目标)。
     1>InitializeBuildStatus:
         正在创建“Debug\calculator.unsuccessfulbuild”，因为已指定“AlwaysCreate”。
       ClCompile:
         C:\Program Files (x86)\Microsoft Visual Studio 10.0\VC\bin\CL.exe /c /ID:\Working\BaseSupport\TdxASE\tcapi\stable /ID:\Working\BaseSupport\TdxASE\taapi\stable /ZI /nologo /W3 /WX- /Od /Oy- /D _MBCS /Gm /EHsc /RTC1 /MDd /GS /fp:precise /Zc:wchar_t /Zc:forScope /Fo"Debug\\" /Fd"Debug\vc100.pdb" /Gd /TP /analyze- /errorReport:prompt calculator.cpp main.cpp
         main.cpp
         calculator.cpp
         正在生成代码...
       Link:
         C:\Program Files (x86)\Microsoft Visual Studio 10.0\VC\bin\link.exe /ERRORREPORT:PROMPT /OUT:"J:\lvley\project\mongo_test\mongo_test\Debug\calculator.exe" /NOLOGO /LIBPATH:D:\Builds\TAAPI\Library kernel32.lib user32.lib gdi32.lib winspool.lib comdlg32.lib advapi32.lib shell32.lib ole32.lib oleaut32.lib uuid.lib odbc32.lib odbccp32.lib /MANIFEST /ManifestFile:"Debug\calculator.exe.intermediate.manifest" /MANIFESTUAC:"level='asInvoker' uiAccess='false'" /DEBUG /PDB:"J:\lvley\project\mongo_test\mongo_test\Debug\calculator.pdb" /TLBID:1 /DYNAMICBASE /NXCOMPAT /IMPLIB:"J:\lvley\project\mongo_test\mongo_test\Debug\calculator.lib" /MACHINE:X86 Debug\calculator.obj
         Debug\main.obj
         calculator.vcxproj -> J:\lvley\project\mongo_test\mongo_test\Debug\calculator.exe
       Manifest:
         C:\Program Files (x86)\Microsoft SDKs\Windows\v7.0A\bin\mt.exe /nologo /verbose /outputresource:"J:\lvley\project\mongo_test\mongo_test\Debug\calculator.exe;#1" /manifest Debug\calculator.exe.intermediate.manifest
       FinalizeBuildStatus:
         正在删除文件“Debug\calculator.unsuccessfulbuild”。
         正在对“Debug\calculator.lastbuildstate”执行 Touch 任务。
     1>已完成生成项目“D:\githome\learngit\calculator\calculator.vcxproj”(build 个目标)的操作。

生成成功。

已用时间 00:00:01.08
